<?xml version="1.0" encoding="UTF-8"?>
<coverage generated="1544286801130" clover="3.2.0">
  <project timestamp="1544286801130" name="All files">
    <metrics statements="74" coveredstatements="2" conditionals="16" coveredconditionals="0" methods="46" coveredmethods="2" elements="136" coveredelements="4" complexity="0" loc="74" ncloc="74" packages="4" files="11" classes="11">
      <package name="components">
        <metrics statements="11" coveredstatements="2" conditionals="4" coveredconditionals="0" methods="7" coveredmethods="2"/>
        <file name="ItemPontoMelhorar.vue" path="/home/gabriel/Documents/Programação/q8rn/src/components/ItemPontoMelhorar.vue">
          <metrics statements="1" coveredstatements="1" conditionals="0" coveredconditionals="0" methods="1" coveredmethods="1"/>
          <line num="16" count="1" type="stmt"/>
        </file>
        <file name="Questao.vue" path="/home/gabriel/Documents/Programação/q8rn/src/components/Questao.vue">
          <metrics statements="10" coveredstatements="1" conditionals="4" coveredconditionals="0" methods="6" coveredmethods="1"/>
          <line num="42" count="1" type="stmt"/>
          <line num="45" count="0" type="stmt"/>
          <line num="49" count="0" type="cond" truecount="0" falsecount="2"/>
          <line num="50" count="0" type="stmt"/>
          <line num="54" count="0" type="stmt"/>
          <line num="57" count="0" type="cond" truecount="0" falsecount="2"/>
          <line num="58" count="0" type="stmt"/>
          <line num="59" count="0" type="stmt"/>
          <line num="61" count="0" type="stmt"/>
          <line num="64" count="0" type="stmt"/>
        </file>
      </package>
      <package name="layouts">
        <metrics statements="11" coveredstatements="0" conditionals="0" coveredconditionals="0" methods="4" coveredmethods="0"/>
        <file name="EntrevistadoLayout.vue" path="/home/gabriel/Documents/Programação/q8rn/src/layouts/EntrevistadoLayout.vue">
          <metrics statements="1" coveredstatements="0" conditionals="0" coveredconditionals="0" methods="0" coveredmethods="0"/>
          <line num="19" count="0" type="stmt"/>
        </file>
        <file name="FormularioLayout.vue" path="/home/gabriel/Documents/Programação/q8rn/src/layouts/FormularioLayout.vue">
          <metrics statements="1" coveredstatements="0" conditionals="0" coveredconditionals="0" methods="0" coveredmethods="0"/>
          <line num="19" count="0" type="stmt"/>
        </file>
        <file name="QuestionarioLayout.vue" path="/home/gabriel/Documents/Programação/q8rn/src/layouts/QuestionarioLayout.vue">
          <metrics statements="9" coveredstatements="0" conditionals="0" coveredconditionals="0" methods="4" coveredmethods="0"/>
          <line num="27" count="0" type="stmt"/>
          <line num="28" count="0" type="stmt"/>
          <line num="29" count="0" type="stmt"/>
          <line num="37" count="0" type="stmt"/>
          <line num="49" count="0" type="stmt"/>
          <line num="50" count="0" type="stmt"/>
          <line num="51" count="0" type="stmt"/>
          <line num="54" count="0" type="stmt"/>
          <line num="57" count="0" type="stmt"/>
        </file>
      </package>
      <package name="pages">
        <metrics statements="45" coveredstatements="0" conditionals="12" coveredconditionals="0" methods="32" coveredmethods="0"/>
        <file name="Entrevistado.vue" path="/home/gabriel/Documents/Programação/q8rn/src/pages/Entrevistado.vue">
          <metrics statements="1" coveredstatements="0" conditionals="0" coveredconditionals="0" methods="1" coveredmethods="0"/>
          <line num="136" count="0" type="stmt"/>
        </file>
        <file name="Escore.vue" path="/home/gabriel/Documents/Programação/q8rn/src/pages/Escore.vue">
          <metrics statements="12" coveredstatements="0" conditionals="0" coveredconditionals="0" methods="11" coveredmethods="0"/>
          <line num="41" count="0" type="stmt"/>
          <line num="42" count="0" type="stmt"/>
          <line num="47" count="0" type="stmt"/>
          <line num="98" count="0" type="stmt"/>
          <line num="102" count="0" type="stmt"/>
          <line num="105" count="0" type="stmt"/>
          <line num="108" count="0" type="stmt"/>
          <line num="114" count="0" type="stmt"/>
          <line num="117" count="0" type="stmt"/>
          <line num="119" count="0" type="stmt"/>
          <line num="120" count="0" type="stmt"/>
          <line num="126" count="0" type="stmt"/>
        </file>
        <file name="FormularioAdulto.vue" path="/home/gabriel/Documents/Programação/q8rn/src/pages/FormularioAdulto.vue">
          <metrics statements="15" coveredstatements="0" conditionals="4" coveredconditionals="0" methods="10" coveredmethods="0"/>
          <line num="115" count="0" type="stmt"/>
          <line num="116" count="0" type="stmt"/>
          <line num="121" count="0" type="stmt"/>
          <line num="268" count="0" type="stmt"/>
          <line num="271" count="0" type="cond" truecount="0" falsecount="2"/>
          <line num="274" count="0" type="stmt"/>
          <line num="277" count="0" type="stmt"/>
          <line num="280" count="0" type="stmt"/>
          <line num="286" count="0" type="cond" truecount="0" falsecount="2"/>
          <line num="288" count="0" type="stmt"/>
          <line num="289" count="0" type="stmt"/>
          <line num="290" count="0" type="stmt"/>
          <line num="291" count="0" type="stmt"/>
          <line num="292" count="0" type="stmt"/>
          <line num="296" count="0" type="stmt"/>
        </file>
        <file name="Questionario.vue" path="/home/gabriel/Documents/Programação/q8rn/src/pages/Questionario.vue">
          <metrics statements="17" coveredstatements="0" conditionals="8" coveredconditionals="0" methods="10" coveredmethods="0"/>
          <line num="8" count="0" type="stmt"/>
          <line num="9" count="0" type="stmt"/>
          <line num="14" count="0" type="stmt"/>
          <line num="23" count="0" type="stmt"/>
          <line num="28" count="0" type="stmt"/>
          <line num="29" count="0" type="stmt"/>
          <line num="32" count="0" type="cond" truecount="0" falsecount="2"/>
          <line num="33" count="0" type="stmt"/>
          <line num="37" count="0" type="stmt"/>
          <line num="38" count="0" type="cond" truecount="0" falsecount="2"/>
          <line num="39" count="0" type="stmt"/>
          <line num="40" count="0" type="stmt"/>
          <line num="42" count="0" type="stmt"/>
          <line num="45" count="0" type="stmt"/>
          <line num="52" count="0" type="cond" truecount="0" falsecount="2"/>
          <line num="55" count="0" type="cond" truecount="0" falsecount="2"/>
          <line num="56" count="0" type="stmt"/>
        </file>
      </package>
      <package name="pages.tabs">
        <metrics statements="7" coveredstatements="0" conditionals="0" coveredconditionals="0" methods="3" coveredmethods="0"/>
        <file name="Configuracoes.vue" path="/home/gabriel/Documents/Programação/q8rn/src/pages/tabs/Configuracoes.vue">
          <metrics statements="1" coveredstatements="0" conditionals="0" coveredconditionals="0" methods="1" coveredmethods="0"/>
          <line num="38" count="0" type="stmt"/>
        </file>
        <file name="Questionario.vue" path="/home/gabriel/Documents/Programação/q8rn/src/pages/tabs/Questionario.vue">
          <metrics statements="6" coveredstatements="0" conditionals="0" coveredconditionals="0" methods="2" coveredmethods="0"/>
          <line num="20" count="0" type="stmt"/>
          <line num="26" count="0" type="stmt"/>
          <line num="27" count="0" type="stmt"/>
          <line num="28" count="0" type="stmt"/>
          <line num="29" count="0" type="stmt"/>
          <line num="30" count="0" type="stmt"/>
        </file>
      </package>
    </metrics>
  </project>
</coverage>
