{"/home/gabriel/Documents/Programação/q8rn/src/components/ItemPontoMelhorar.vue": {"path":"/home/gabriel/Documents/Programação/q8rn/src/components/ItemPontoMelhorar.vue","statementMap":{"0":{"start":{"line":16,"column":0},"end":{"line":null,"column":-1}}},"fnMap":{"0":{"name":"data","decl":{"start":{"line":15,"column":0},"end":{"line":null,"column":-1}},"loc":{"start":{"line":15,"column":0},"end":{"line":19,"column":0}}}},"branchMap":{},"s":{"0":1},"f":{"0":1},"b":{}}
,"/home/gabriel/Documents/Programação/q8rn/src/components/Questao.vue": {"path":"/home/gabriel/Documents/Programação/q8rn/src/components/Questao.vue","statementMap":{"0":{"start":{"line":42,"column":0},"end":{"line":null,"column":-1}},"1":{"start":{"line":45,"column":0},"end":{"line":null,"column":-1}},"2":{"start":{"line":49,"column":0},"end":{"line":51,"column":0}},"3":{"start":{"line":50,"column":0},"end":{"line":null,"column":-1}},"4":{"start":{"line":54,"column":0},"end":{"line":null,"column":-1}},"5":{"start":{"line":57,"column":0},"end":{"line":60,"column":0}},"6":{"start":{"line":58,"column":0},"end":{"line":null,"column":-1}},"7":{"start":{"line":59,"column":0},"end":{"line":null,"column":-1}},"8":{"start":{"line":61,"column":0},"end":{"line":null,"column":-1}},"9":{"start":{"line":64,"column":0},"end":{"line":null,"column":-1}}},"fnMap":{"0":{"name":"mounted","decl":{"start":{"line":41,"column":0},"end":{"line":null,"column":-1}},"loc":{"start":{"line":41,"column":0},"end":{"line":43,"column":0}}},"1":{"name":"updated","decl":{"start":{"line":44,"column":0},"end":{"line":null,"column":-1}},"loc":{"start":{"line":44,"column":0},"end":{"line":46,"column":0}}},"2":{"name":"proxima","decl":{"start":{"line":48,"column":0},"end":{"line":null,"column":-1}},"loc":{"start":{"line":48,"column":0},"end":{"line":52,"column":0}}},"3":{"name":"finalizar","decl":{"start":{"line":53,"column":0},"end":{"line":null,"column":-1}},"loc":{"start":{"line":53,"column":0},"end":{"line":55,"column":0}}},"4":{"name":"isRespostaSelecionada","decl":{"start":{"line":56,"column":0},"end":{"line":null,"column":-1}},"loc":{"start":{"line":56,"column":0},"end":{"line":62,"column":0}}},"5":{"name":"abrePopUpRespostaNaoPreenchida","decl":{"start":{"line":63,"column":0},"end":{"line":null,"column":-1}},"loc":{"start":{"line":63,"column":0},"end":{"line":69,"column":0}}}},"branchMap":{"0":{"loc":{"start":{"line":49,"column":0},"end":{"line":51,"column":0}},"type":"if","locations":[{"start":{"line":49,"column":0},"end":{"line":51,"column":0}},{"start":{"line":49,"column":0},"end":{"line":51,"column":0}}]},"1":{"loc":{"start":{"line":57,"column":0},"end":{"line":60,"column":0}},"type":"if","locations":[{"start":{"line":57,"column":0},"end":{"line":60,"column":0}},{"start":{"line":57,"column":0},"end":{"line":60,"column":0}}]}},"s":{"0":1,"1":0,"2":0,"3":0,"4":0,"5":0,"6":0,"7":0,"8":0,"9":0},"f":{"0":1,"1":0,"2":0,"3":0,"4":0,"5":0},"b":{"0":[0,0],"1":[0,0]}}
,"/home/gabriel/Documents/Programação/q8rn/src/layouts/EntrevistadoLayout.vue": {"path":"/home/gabriel/Documents/Programação/q8rn/src/layouts/EntrevistadoLayout.vue","statementMap":{"0":{"start":{"line":19,"column":0},"end":{"line":null,"column":-1}}},"fnMap":{},"branchMap":{},"s":{"0":0},"f":{},"b":{}}
,"/home/gabriel/Documents/Programação/q8rn/src/layouts/FormularioLayout.vue": {"path":"/home/gabriel/Documents/Programação/q8rn/src/layouts/FormularioLayout.vue","statementMap":{"0":{"start":{"line":19,"column":0},"end":{"line":null,"column":-1}}},"fnMap":{},"branchMap":{},"s":{"0":0},"f":{},"b":{}}
,"/home/gabriel/Documents/Programação/q8rn/src/layouts/QuestionarioLayout.vue": {"path":"/home/gabriel/Documents/Programação/q8rn/src/layouts/QuestionarioLayout.vue","statementMap":{"0":{"start":{"line":27,"column":0},"end":{"line":null,"column":-1}},"1":{"start":{"line":28,"column":0},"end":{"line":null,"column":-1}},"2":{"start":{"line":29,"column":0},"end":{"line":null,"column":-1}},"3":{"start":{"line":37,"column":0},"end":{"line":null,"column":-1}},"4":{"start":{"line":49,"column":0},"end":{"line":null,"column":-1}},"5":{"start":{"line":50,"column":0},"end":{"line":null,"column":-1}},"6":{"start":{"line":51,"column":0},"end":{"line":null,"column":-1}},"7":{"start":{"line":54,"column":0},"end":{"line":null,"column":-1}},"8":{"start":{"line":57,"column":0},"end":{"line":null,"column":-1}}},"fnMap":{"0":{"name":"data","decl":{"start":{"line":36,"column":0},"end":{"line":null,"column":-1}},"loc":{"start":{"line":36,"column":0},"end":{"line":43,"column":0}}},"1":{"name":"atualizar","decl":{"start":{"line":48,"column":0},"end":{"line":null,"column":-1}},"loc":{"start":{"line":48,"column":0},"end":{"line":52,"column":0}}},"2":{"name":"atualizarImagemTema","decl":{"start":{"line":53,"column":0},"end":{"line":null,"column":-1}},"loc":{"start":{"line":53,"column":0},"end":{"line":55,"column":0}}},"3":{"name":"irParaQuestao","decl":{"start":{"line":56,"column":0},"end":{"line":null,"column":-1}},"loc":{"start":{"line":56,"column":0},"end":{"line":58,"column":0}}}},"branchMap":{},"s":{"0":0,"1":0,"2":0,"3":0,"4":0,"5":0,"6":0,"7":0,"8":0},"f":{"0":0,"1":0,"2":0,"3":0},"b":{}}
,"/home/gabriel/Documents/Programação/q8rn/src/pages/Entrevistado.vue": {"path":"/home/gabriel/Documents/Programação/q8rn/src/pages/Entrevistado.vue","statementMap":{"0":{"start":{"line":136,"column":0},"end":{"line":null,"column":-1}}},"fnMap":{"0":{"name":"data","decl":{"start":{"line":135,"column":0},"end":{"line":null,"column":-1}},"loc":{"start":{"line":135,"column":0},"end":{"line":172,"column":0}}}},"branchMap":{},"s":{"0":0},"f":{"0":0},"b":{}}
,"/home/gabriel/Documents/Programação/q8rn/src/pages/Escore.vue": {"path":"/home/gabriel/Documents/Programação/q8rn/src/pages/Escore.vue","statementMap":{"0":{"start":{"line":41,"column":0},"end":{"line":null,"column":-1}},"1":{"start":{"line":42,"column":0},"end":{"line":null,"column":-1}},"2":{"start":{"line":47,"column":0},"end":{"line":null,"column":-1}},"3":{"start":{"line":98,"column":0},"end":{"line":null,"column":-1}},"4":{"start":{"line":102,"column":0},"end":{"line":null,"column":-1}},"5":{"start":{"line":105,"column":0},"end":{"line":null,"column":-1}},"6":{"start":{"line":108,"column":0},"end":{"line":null,"column":-1}},"7":{"start":{"line":114,"column":0},"end":{"line":null,"column":-1}},"8":{"start":{"line":117,"column":0},"end":{"line":null,"column":-1}},"9":{"start":{"line":119,"column":0},"end":{"line":null,"column":-1}},"10":{"start":{"line":120,"column":0},"end":{"line":127,"column":0}},"11":{"start":{"line":126,"column":0},"end":{"line":null,"column":-1}}},"fnMap":{"0":{"name":"data","decl":{"start":{"line":46,"column":0},"end":{"line":null,"column":-1}},"loc":{"start":{"line":46,"column":0},"end":{"line":93,"column":0}}},"1":{"name":"mounted","decl":{"start":{"line":97,"column":0},"end":{"line":null,"column":-1}},"loc":{"start":{"line":97,"column":0},"end":{"line":99,"column":0}}},"2":{"name":"caminhoImagem","decl":{"start":{"line":101,"column":0},"end":{"line":null,"column":-1}},"loc":{"start":{"line":101,"column":0},"end":{"line":103,"column":0}}},"3":{"name":"calculaResultadoPorEscore","decl":{"start":{"line":104,"column":0},"end":{"line":null,"column":-1}},"loc":{"start":{"line":104,"column":0},"end":{"line":106,"column":0}}},"4":{"name":"exibePontuacaoPorTema","decl":{"start":{"line":107,"column":0},"end":{"line":null,"column":-1}},"loc":{"start":{"line":107,"column":0},"end":{"line":112,"column":0}}},"5":{"name":"calculaTotalPontosRealizadosPorTema","decl":{"start":{"line":113,"column":0},"end":{"line":null,"column":-1}},"loc":{"start":{"line":113,"column":0},"end":{"line":115,"column":0}}},"6":{"name":"(anonymous_8)","decl":{"start":{"line":114,"column":0},"end":{"line":null,"column":-1}},"loc":{"start":{"line":114,"column":0},"end":{"line":null,"column":-1}}},"7":{"name":"calculaTotalPontosPorTema","decl":{"start":{"line":116,"column":0},"end":{"line":null,"column":-1}},"loc":{"start":{"line":116,"column":0},"end":{"line":118,"column":0}}},"8":{"name":"(anonymous_12)","decl":{"start":{"line":117,"column":0},"end":{"line":null,"column":-1}},"loc":{"start":{"line":117,"column":0},"end":{"line":null,"column":-1}}},"9":{"name":"abrePopUpConfirmacaoRetorno","decl":{"start":{"line":119,"column":0},"end":{"line":null,"column":-1}},"loc":{"start":{"line":119,"column":0},"end":{"line":128,"column":0}}},"10":{"name":"(anonymous_15)","decl":{"start":{"line":120,"column":0},"end":{"line":null,"column":-1}},"loc":{"start":{"line":120,"column":0},"end":{"line":127,"column":0}}}},"branchMap":{},"s":{"0":0,"1":0,"2":0,"3":0,"4":0,"5":0,"6":0,"7":0,"8":0,"9":0,"10":0,"11":0},"f":{"0":0,"1":0,"2":0,"3":0,"4":0,"5":0,"6":0,"7":0,"8":0,"9":0,"10":0},"b":{}}
,"/home/gabriel/Documents/Programação/q8rn/src/pages/FormularioAdulto.vue": {"path":"/home/gabriel/Documents/Programação/q8rn/src/pages/FormularioAdulto.vue","statementMap":{"0":{"start":{"line":115,"column":0},"end":{"line":null,"column":-1}},"1":{"start":{"line":116,"column":0},"end":{"line":null,"column":-1}},"2":{"start":{"line":121,"column":0},"end":{"line":null,"column":-1}},"3":{"start":{"line":268,"column":0},"end":{"line":null,"column":-1}},"4":{"start":{"line":271,"column":0},"end":{"line":null,"column":-1}},"5":{"start":{"line":274,"column":0},"end":{"line":null,"column":-1}},"6":{"start":{"line":277,"column":0},"end":{"line":null,"column":-1}},"7":{"start":{"line":280,"column":0},"end":{"line":null,"column":-1}},"8":{"start":{"line":286,"column":0},"end":{"line":null,"column":-1}},"9":{"start":{"line":288,"column":0},"end":{"line":null,"column":-1}},"10":{"start":{"line":289,"column":0},"end":{"line":null,"column":-1}},"11":{"start":{"line":290,"column":0},"end":{"line":293,"column":0}},"12":{"start":{"line":291,"column":0},"end":{"line":null,"column":-1}},"13":{"start":{"line":292,"column":0},"end":{"line":null,"column":-1}},"14":{"start":{"line":296,"column":0},"end":{"line":null,"column":-1}}},"fnMap":{"0":{"name":"data","decl":{"start":{"line":120,"column":0},"end":{"line":null,"column":-1}},"loc":{"start":{"line":120,"column":0},"end":{"line":265,"column":0}}},"1":{"name":"visualizacaoBotaoVoltar","decl":{"start":{"line":267,"column":0},"end":{"line":null,"column":-1}},"loc":{"start":{"line":267,"column":0},"end":{"line":269,"column":0}}},"2":{"name":"labelBotaoNext","decl":{"start":{"line":270,"column":0},"end":{"line":null,"column":-1}},"loc":{"start":{"line":270,"column":0},"end":{"line":272,"column":0}}},"3":{"name":"preencheIMC","decl":{"start":{"line":273,"column":0},"end":{"line":null,"column":-1}},"loc":{"start":{"line":273,"column":0},"end":{"line":275,"column":0}}},"4":{"name":"preencheRCQ","decl":{"start":{"line":276,"column":0},"end":{"line":null,"column":-1}},"loc":{"start":{"line":276,"column":0},"end":{"line":278,"column":0}}},"5":{"name":"preencheRCE","decl":{"start":{"line":279,"column":0},"end":{"line":null,"column":-1}},"loc":{"start":{"line":279,"column":0},"end":{"line":281,"column":0}}},"6":{"name":"avanca","decl":{"start":{"line":285,"column":0},"end":{"line":null,"column":-1}},"loc":{"start":{"line":285,"column":0},"end":{"line":287,"column":0}}},"7":{"name":"redirecionaQuestionario","decl":{"start":{"line":288,"column":0},"end":{"line":null,"column":-1}},"loc":{"start":{"line":288,"column":0},"end":{"line":294,"column":0}}},"8":{"name":"(anonymous_14)","decl":{"start":{"line":290,"column":0},"end":{"line":null,"column":-1}},"loc":{"start":{"line":290,"column":0},"end":{"line":293,"column":0}}},"9":{"name":"mockDadosParaTestes","decl":{"start":{"line":295,"column":0},"end":{"line":null,"column":-1}},"loc":{"start":{"line":295,"column":0},"end":{"line":328,"column":0}}}},"branchMap":{"0":{"loc":{"start":{"line":271,"column":0},"end":{"line":null,"column":-1}},"type":"cond-expr","locations":[{"start":{"line":271,"column":0},"end":{"line":null,"column":-1}},{"start":{"line":271,"column":0},"end":{"line":null,"column":-1}}]},"1":{"loc":{"start":{"line":286,"column":0},"end":{"line":null,"column":-1}},"type":"cond-expr","locations":[{"start":{"line":286,"column":0},"end":{"line":null,"column":-1}},{"start":{"line":286,"column":0},"end":{"line":null,"column":-1}}]}},"s":{"0":0,"1":0,"2":0,"3":0,"4":0,"5":0,"6":0,"7":0,"8":0,"9":0,"10":0,"11":0,"12":0,"13":0,"14":0},"f":{"0":0,"1":0,"2":0,"3":0,"4":0,"5":0,"6":0,"7":0,"8":0,"9":0},"b":{"0":[0,0],"1":[0,0]}}
,"/home/gabriel/Documents/Programação/q8rn/src/pages/Questionario.vue": {"path":"/home/gabriel/Documents/Programação/q8rn/src/pages/Questionario.vue","statementMap":{"0":{"start":{"line":8,"column":0},"end":{"line":null,"column":-1}},"1":{"start":{"line":9,"column":0},"end":{"line":null,"column":-1}},"2":{"start":{"line":14,"column":0},"end":{"line":null,"column":-1}},"3":{"start":{"line":23,"column":0},"end":{"line":null,"column":-1}},"4":{"start":{"line":28,"column":0},"end":{"line":null,"column":-1}},"5":{"start":{"line":29,"column":0},"end":{"line":null,"column":-1}},"6":{"start":{"line":32,"column":0},"end":{"line":34,"column":0}},"7":{"start":{"line":33,"column":0},"end":{"line":null,"column":-1}},"8":{"start":{"line":37,"column":0},"end":{"line":null,"column":-1}},"9":{"start":{"line":38,"column":0},"end":{"line":41,"column":0}},"10":{"start":{"line":39,"column":0},"end":{"line":null,"column":-1}},"11":{"start":{"line":40,"column":0},"end":{"line":null,"column":-1}},"12":{"start":{"line":42,"column":0},"end":{"line":null,"column":-1}},"13":{"start":{"line":45,"column":0},"end":{"line":null,"column":-1}},"14":{"start":{"line":52,"column":0},"end":{"line":null,"column":-1}},"15":{"start":{"line":55,"column":0},"end":{"line":null,"column":-1}},"16":{"start":{"line":56,"column":0},"end":{"line":null,"column":-1}}},"fnMap":{"0":{"name":"data","decl":{"start":{"line":13,"column":0},"end":{"line":null,"column":-1}},"loc":{"start":{"line":13,"column":0},"end":{"line":16,"column":0}}},"1":{"name":"isUltimaQuestao","decl":{"start":{"line":22,"column":0},"end":{"line":null,"column":-1}},"loc":{"start":{"line":22,"column":0},"end":{"line":24,"column":0}}},"2":{"name":"atualizar","decl":{"start":{"line":27,"column":0},"end":{"line":null,"column":-1}},"loc":{"start":{"line":27,"column":0},"end":{"line":30,"column":0}}},"3":{"name":"finalizar","decl":{"start":{"line":31,"column":0},"end":{"line":null,"column":-1}},"loc":{"start":{"line":31,"column":0},"end":{"line":35,"column":0}}},"4":{"name":"verificarTodasRespostasSelecionadas","decl":{"start":{"line":36,"column":0},"end":{"line":null,"column":-1}},"loc":{"start":{"line":36,"column":0},"end":{"line":43,"column":0}}},"5":{"name":"(anonymous_11)","decl":{"start":{"line":37,"column":0},"end":{"line":null,"column":-1}},"loc":{"start":{"line":37,"column":0},"end":{"line":null,"column":-1}}},"6":{"name":"abrePopUpRespostaNaoPreenchida","decl":{"start":{"line":44,"column":0},"end":{"line":null,"column":-1}},"loc":{"start":{"line":44,"column":0},"end":{"line":50,"column":0}}},"7":{"name":"preencheTituloDinamico","decl":{"start":{"line":51,"column":0},"end":{"line":null,"column":-1}},"loc":{"start":{"line":51,"column":0},"end":{"line":53,"column":0}}},"8":{"name":"preencheMensagemDinamico","decl":{"start":{"line":54,"column":0},"end":{"line":null,"column":-1}},"loc":{"start":{"line":54,"column":0},"end":{"line":57,"column":0}}},"9":{"name":"(anonymous_15)","decl":{"start":{"line":56,"column":0},"end":{"line":null,"column":-1}},"loc":{"start":{"line":56,"column":0},"end":{"line":null,"column":-1}}}},"branchMap":{"0":{"loc":{"start":{"line":32,"column":0},"end":{"line":34,"column":0}},"type":"if","locations":[{"start":{"line":32,"column":0},"end":{"line":34,"column":0}},{"start":{"line":32,"column":0},"end":{"line":34,"column":0}}]},"1":{"loc":{"start":{"line":38,"column":0},"end":{"line":41,"column":0}},"type":"if","locations":[{"start":{"line":38,"column":0},"end":{"line":41,"column":0}},{"start":{"line":38,"column":0},"end":{"line":41,"column":0}}]},"2":{"loc":{"start":{"line":52,"column":0},"end":{"line":null,"column":-1}},"type":"cond-expr","locations":[{"start":{"line":52,"column":0},"end":{"line":null,"column":-1}},{"start":{"line":52,"column":0},"end":{"line":null,"column":-1}}]},"3":{"loc":{"start":{"line":55,"column":0},"end":{"line":null,"column":-1}},"type":"cond-expr","locations":[{"start":{"line":55,"column":0},"end":{"line":null,"column":-1}},{"start":{"line":55,"column":0},"end":{"line":null,"column":-1}}]}},"s":{"0":0,"1":0,"2":0,"3":0,"4":0,"5":0,"6":0,"7":0,"8":0,"9":0,"10":0,"11":0,"12":0,"13":0,"14":0,"15":0,"16":0},"f":{"0":0,"1":0,"2":0,"3":0,"4":0,"5":0,"6":0,"7":0,"8":0,"9":0},"b":{"0":[0,0],"1":[0,0],"2":[0,0],"3":[0,0]}}
,"/home/gabriel/Documents/Programação/q8rn/src/pages/tabs/Configuracoes.vue": {"path":"/home/gabriel/Documents/Programação/q8rn/src/pages/tabs/Configuracoes.vue","statementMap":{"0":{"start":{"line":38,"column":0},"end":{"line":null,"column":-1}}},"fnMap":{"0":{"name":"data","decl":{"start":{"line":37,"column":0},"end":{"line":null,"column":-1}},"loc":{"start":{"line":37,"column":0},"end":{"line":45,"column":0}}}},"branchMap":{},"s":{"0":0},"f":{"0":0},"b":{}}
,"/home/gabriel/Documents/Programação/q8rn/src/pages/tabs/Questionario.vue": {"path":"/home/gabriel/Documents/Programação/q8rn/src/pages/tabs/Questionario.vue","statementMap":{"0":{"start":{"line":20,"column":0},"end":{"line":null,"column":-1}},"1":{"start":{"line":26,"column":0},"end":{"line":null,"column":-1}},"2":{"start":{"line":27,"column":0},"end":{"line":null,"column":-1}},"3":{"start":{"line":28,"column":0},"end":{"line":31,"column":0}},"4":{"start":{"line":29,"column":0},"end":{"line":null,"column":-1}},"5":{"start":{"line":30,"column":0},"end":{"line":null,"column":-1}}},"fnMap":{"0":{"name":"abreQuestionarioSemFormulario","decl":{"start":{"line":26,"column":0},"end":{"line":null,"column":-1}},"loc":{"start":{"line":26,"column":0},"end":{"line":32,"column":0}}},"1":{"name":"(anonymous_6)","decl":{"start":{"line":28,"column":0},"end":{"line":null,"column":-1}},"loc":{"start":{"line":28,"column":0},"end":{"line":31,"column":0}}}},"branchMap":{},"s":{"0":0,"1":0,"2":0,"3":0,"4":0,"5":0},"f":{"0":0,"1":0},"b":{}}
}
