TN:
SF:/home/gabriel/Documents/Programação/q8rn/src/components/ItemPontoMelhorar.vue
FN:15,data
FNF:1
FNH:1
FNDA:1,data
DA:16,1
LF:1
LH:1
BRF:0
BRH:0
end_of_record
TN:
SF:/home/gabriel/Documents/Programação/q8rn/src/components/Questao.vue
FN:41,mounted
FN:44,updated
FN:48,proxima
FN:53,finalizar
FN:56,isRespostaSelecionada
FN:63,abrePopUpRespostaNaoPreenchida
FNF:6
FNH:1
FNDA:1,mounted
FNDA:0,updated
FNDA:0,proxima
FNDA:0,finalizar
FNDA:0,isRespostaSelecionada
FNDA:0,abrePopUpRespostaNaoPreenchida
DA:42,1
DA:45,0
DA:49,0
DA:50,0
DA:54,0
DA:57,0
DA:58,0
DA:59,0
DA:61,0
DA:64,0
LF:10
LH:1
BRDA:49,0,0,0
BRDA:49,0,1,0
BRDA:57,1,0,0
BRDA:57,1,1,0
BRF:4
BRH:0
end_of_record
TN:
SF:/home/gabriel/Documents/Programação/q8rn/src/layouts/EntrevistadoLayout.vue
FNF:0
FNH:0
DA:19,0
LF:1
LH:0
BRF:0
BRH:0
end_of_record
TN:
SF:/home/gabriel/Documents/Programação/q8rn/src/layouts/FormularioLayout.vue
FNF:0
FNH:0
DA:19,0
LF:1
LH:0
BRF:0
BRH:0
end_of_record
TN:
SF:/home/gabriel/Documents/Programação/q8rn/src/layouts/QuestionarioLayout.vue
FN:36,data
FN:48,atualizar
FN:53,atualizarImagemTema
FN:56,irParaQuestao
FNF:4
FNH:0
FNDA:0,data
FNDA:0,atualizar
FNDA:0,atualizarImagemTema
FNDA:0,irParaQuestao
DA:27,0
DA:28,0
DA:29,0
DA:37,0
DA:49,0
DA:50,0
DA:51,0
DA:54,0
DA:57,0
LF:9
LH:0
BRF:0
BRH:0
end_of_record
TN:
SF:/home/gabriel/Documents/Programação/q8rn/src/pages/Entrevistado.vue
FN:135,data
FNF:1
FNH:0
FNDA:0,data
DA:136,0
LF:1
LH:0
BRF:0
BRH:0
end_of_record
TN:
SF:/home/gabriel/Documents/Programação/q8rn/src/pages/Escore.vue
FN:46,data
FN:97,mounted
FN:101,caminhoImagem
FN:104,calculaResultadoPorEscore
FN:107,exibePontuacaoPorTema
FN:113,calculaTotalPontosRealizadosPorTema
FN:114,(anonymous_8)
FN:116,calculaTotalPontosPorTema
FN:117,(anonymous_12)
FN:119,abrePopUpConfirmacaoRetorno
FN:120,(anonymous_15)
FNF:11
FNH:0
FNDA:0,data
FNDA:0,mounted
FNDA:0,caminhoImagem
FNDA:0,calculaResultadoPorEscore
FNDA:0,exibePontuacaoPorTema
FNDA:0,calculaTotalPontosRealizadosPorTema
FNDA:0,(anonymous_8)
FNDA:0,calculaTotalPontosPorTema
FNDA:0,(anonymous_12)
FNDA:0,abrePopUpConfirmacaoRetorno
FNDA:0,(anonymous_15)
DA:41,0
DA:42,0
DA:47,0
DA:98,0
DA:102,0
DA:105,0
DA:108,0
DA:114,0
DA:117,0
DA:119,0
DA:120,0
DA:126,0
LF:12
LH:0
BRF:0
BRH:0
end_of_record
TN:
SF:/home/gabriel/Documents/Programação/q8rn/src/pages/FormularioAdulto.vue
FN:120,data
FN:267,visualizacaoBotaoVoltar
FN:270,labelBotaoNext
FN:273,preencheIMC
FN:276,preencheRCQ
FN:279,preencheRCE
FN:285,avanca
FN:288,redirecionaQuestionario
FN:290,(anonymous_14)
FN:295,mockDadosParaTestes
FNF:10
FNH:0
FNDA:0,data
FNDA:0,visualizacaoBotaoVoltar
FNDA:0,labelBotaoNext
FNDA:0,preencheIMC
FNDA:0,preencheRCQ
FNDA:0,preencheRCE
FNDA:0,avanca
FNDA:0,redirecionaQuestionario
FNDA:0,(anonymous_14)
FNDA:0,mockDadosParaTestes
DA:115,0
DA:116,0
DA:121,0
DA:268,0
DA:271,0
DA:274,0
DA:277,0
DA:280,0
DA:286,0
DA:288,0
DA:289,0
DA:290,0
DA:291,0
DA:292,0
DA:296,0
LF:15
LH:0
BRDA:271,0,0,0
BRDA:271,0,1,0
BRDA:286,1,0,0
BRDA:286,1,1,0
BRF:4
BRH:0
end_of_record
TN:
SF:/home/gabriel/Documents/Programação/q8rn/src/pages/Questionario.vue
FN:13,data
FN:22,isUltimaQuestao
FN:27,atualizar
FN:31,finalizar
FN:36,verificarTodasRespostasSelecionadas
FN:37,(anonymous_11)
FN:44,abrePopUpRespostaNaoPreenchida
FN:51,preencheTituloDinamico
FN:54,preencheMensagemDinamico
FN:56,(anonymous_15)
FNF:10
FNH:0
FNDA:0,data
FNDA:0,isUltimaQuestao
FNDA:0,atualizar
FNDA:0,finalizar
FNDA:0,verificarTodasRespostasSelecionadas
FNDA:0,(anonymous_11)
FNDA:0,abrePopUpRespostaNaoPreenchida
FNDA:0,preencheTituloDinamico
FNDA:0,preencheMensagemDinamico
FNDA:0,(anonymous_15)
DA:8,0
DA:9,0
DA:14,0
DA:23,0
DA:28,0
DA:29,0
DA:32,0
DA:33,0
DA:37,0
DA:38,0
DA:39,0
DA:40,0
DA:42,0
DA:45,0
DA:52,0
DA:55,0
DA:56,0
LF:17
LH:0
BRDA:32,0,0,0
BRDA:32,0,1,0
BRDA:38,1,0,0
BRDA:38,1,1,0
BRDA:52,2,0,0
BRDA:52,2,1,0
BRDA:55,3,0,0
BRDA:55,3,1,0
BRF:8
BRH:0
end_of_record
TN:
SF:/home/gabriel/Documents/Programação/q8rn/src/pages/tabs/Configuracoes.vue
FN:37,data
FNF:1
FNH:0
FNDA:0,data
DA:38,0
LF:1
LH:0
BRF:0
BRH:0
end_of_record
TN:
SF:/home/gabriel/Documents/Programação/q8rn/src/pages/tabs/Questionario.vue
FN:26,abreQuestionarioSemFormulario
FN:28,(anonymous_6)
FNF:2
FNH:0
FNDA:0,abreQuestionarioSemFormulario
FNDA:0,(anonymous_6)
DA:20,0
DA:26,0
DA:27,0
DA:28,0
DA:29,0
DA:30,0
LF:6
LH:0
BRF:0
BRH:0
end_of_record
